0 info it worked if it ends with ok
1 verbose cli [ 'C:\\Program Files (x86)\\nodejs\\node.exe',
1 verbose cli   'C:\\Program Files (x86)\\nodejs\\node_modules\\npm\\bin\\npm-cli.js',
1 verbose cli   'install' ]
2 info using npm@3.10.10
3 info using node@v6.10.0
4 silly loadCurrentTree Starting
5 silly install loadCurrentTree
6 silly install readLocalPackageData
7 silly install normalizeTree
8 silly loadCurrentTree Finishing
9 silly loadIdealTree Starting
10 silly install loadIdealTree
11 silly cloneCurrentTree Starting
12 silly install cloneCurrentTreeToIdealTree
13 silly cloneCurrentTree Finishing
14 silly loadShrinkwrap Starting
15 silly install loadShrinkwrap
16 silly loadShrinkwrap Finishing
17 silly loadAllDepsIntoIdealTree Starting
18 silly install loadAllDepsIntoIdealTree
19 silly loadAllDepsIntoIdealTree Finishing
20 silly loadIdealTree Finishing
21 silly currentTree MSDBW-UI@0.0.0
22 silly idealTree MSDBW-UI@0.0.0
23 silly generateActionsToTake Starting
24 silly install generateActionsToTake
25 silly generateActionsToTake Finishing
26 silly diffTrees action count 0
27 silly decomposeActions action count 0
28 silly runTopLevelLifecycles Starting
29 silly install runPreinstallTopLevelLifecycles
30 silly preinstall MSDBW-UI@0.0.0 D:\Current\cloud workshops\cloud native microservices\MicroservicesDBWorkshop\UI\MSDBW-UI-bbb29324
31 info lifecycle MSDBW-UI@0.0.0~preinstall: MSDBW-UI@0.0.0
32 silly lifecycle MSDBW-UI@0.0.0~preinstall: no script for preinstall, continuing
33 silly executeActions Starting
34 silly install executeActions
35 silly doSerial global-install 0
36 silly doParallel fetch 0
37 verbose correctMkdir C:\Users\jhennen\AppData\Roaming\npm-cache\_locks correctMkdir not in flight; initializing
38 verbose lock using C:\Users\jhennen\AppData\Roaming\npm-cache\_locks\staging-07781cd8c7ed32f5.lock for D:\Current\cloud workshops\cloud native microservices\MicroservicesDBWorkshop\UI\node_modules\.staging
39 silly doParallel extract 0
40 silly doParallel preinstall 0
41 silly doReverseSerial remove 0
42 silly doSerial move 0
43 silly doSerial finalize 0
44 silly doSerial build 0
45 silly doSerial global-link 0
46 silly doParallel update-linked 0
47 silly doSerial install 0
48 silly doSerial postinstall 0
49 verbose unlock done using C:\Users\jhennen\AppData\Roaming\npm-cache\_locks\staging-07781cd8c7ed32f5.lock for D:\Current\cloud workshops\cloud native microservices\MicroservicesDBWorkshop\UI\node_modules\.staging
50 silly executeActions Finishing
51 silly rollbackFailedOptional Starting
52 silly rollbackFailedOptional Finishing
53 silly install runPostinstallTopLevelLifecycles
54 silly build MSDBW-UI@0.0.0
55 info linkStuff MSDBW-UI@0.0.0
56 silly linkStuff MSDBW-UI@0.0.0 has D:\Current\cloud workshops\cloud native microservices\MicroservicesDBWorkshop as its parent node_modules
57 verbose linkBins MSDBW-UI@0.0.0
58 verbose linkMans MSDBW-UI@0.0.0
59 silly install MSDBW-UI@0.0.0 D:\Current\cloud workshops\cloud native microservices\MicroservicesDBWorkshop\UI\MSDBW-UI-bbb29324
60 info lifecycle MSDBW-UI@0.0.0~install: MSDBW-UI@0.0.0
61 silly lifecycle MSDBW-UI@0.0.0~install: no script for install, continuing
62 silly postinstall MSDBW-UI@0.0.0 D:\Current\cloud workshops\cloud native microservices\MicroservicesDBWorkshop\UI\MSDBW-UI-bbb29324
63 info lifecycle MSDBW-UI@0.0.0~postinstall: MSDBW-UI@0.0.0
64 silly lifecycle MSDBW-UI@0.0.0~postinstall: no script for postinstall, continuing
65 silly prepublish MSDBW-UI@0.0.0 D:\Current\cloud workshops\cloud native microservices\MicroservicesDBWorkshop\UI\MSDBW-UI-bbb29324
66 info lifecycle MSDBW-UI@0.0.0~prepublish: MSDBW-UI@0.0.0
67 verbose lifecycle MSDBW-UI@0.0.0~prepublish: unsafe-perm in lifecycle true
68 verbose lifecycle MSDBW-UI@0.0.0~prepublish: PATH: C:\Program Files (x86)\nodejs\node_modules\npm\bin\node-gyp-bin;D:\Current\cloud workshops\cloud native microservices\MicroservicesDBWorkshop\UI\node_modules\.bin;C:\ProgramData\Oracle\Java\javapath;C:\windows\system32;C:\windows;C:\windows\System32\Wbem;C:\windows\System32\WindowsPowerShell\v1.0\;C:\Program Files (x86)\Toshiba\Bluetooth Toshiba Stack\sys\;C:\Program Files (x86)\Toshiba\Bluetooth Toshiba Stack\sys\x64\;C:\Program Files (x86)\Common Files\Acronis\SnapAPI\;C:\Program Files (x86)\QuickTime\QTSystem\;C:\Program Files (x86)\Brackets\command;C:\Program Files (x86)\PuTTY\;C:\Program Files (x86)\nodejs\;C:\Program Files (x86)\Curl\src\;C:\Users\jhennen\AppData\Roaming\npm
69 verbose lifecycle MSDBW-UI@0.0.0~prepublish: CWD: D:\Current\cloud workshops\cloud native microservices\MicroservicesDBWorkshop\UI
70 silly lifecycle MSDBW-UI@0.0.0~prepublish: Args: [ '/d /s /c',
70 silly lifecycle   'zip -r target/msdbw-microserviceui.zip doc_root manifest.json *.js' ]
71 silly lifecycle MSDBW-UI@0.0.0~prepublish: Returned: code: 1  signal: null
72 info lifecycle MSDBW-UI@0.0.0~prepublish: Failed to exec prepublish script
73 warn MSDBW-UI@0.0.0 No repository field.
74 verbose If you need help, you may report this error at:
74 verbose     <https://github.com/npm/npm/issues>
75 warn MSDBW-UI@0.0.0 No license field.
76 verbose If you need help, you may report this error at:
76 verbose     <https://github.com/npm/npm/issues>
77 verbose stack Error: MSDBW-UI@0.0.0 prepublish: `zip -r target/msdbw-microserviceui.zip doc_root manifest.json *.js`
77 verbose stack Exit status 1
77 verbose stack     at EventEmitter.<anonymous> (C:\Program Files (x86)\nodejs\node_modules\npm\lib\utils\lifecycle.js:255:16)
77 verbose stack     at emitTwo (events.js:106:13)
77 verbose stack     at EventEmitter.emit (events.js:191:7)
77 verbose stack     at ChildProcess.<anonymous> (C:\Program Files (x86)\nodejs\node_modules\npm\lib\utils\spawn.js:40:14)
77 verbose stack     at emitTwo (events.js:106:13)
77 verbose stack     at ChildProcess.emit (events.js:191:7)
77 verbose stack     at maybeClose (internal/child_process.js:877:16)
77 verbose stack     at Process.ChildProcess._handle.onexit (internal/child_process.js:226:5)
78 verbose pkgid MSDBW-UI@0.0.0
79 verbose cwd D:\Current\cloud workshops\cloud native microservices\MicroservicesDBWorkshop\UI
80 error Windows_NT 6.1.7601
81 error argv "C:\\Program Files (x86)\\nodejs\\node.exe" "C:\\Program Files (x86)\\nodejs\\node_modules\\npm\\bin\\npm-cli.js" "install"
82 error node v6.10.0
83 error npm  v3.10.10
84 error code ELIFECYCLE
85 error MSDBW-UI@0.0.0 prepublish: `zip -r target/msdbw-microserviceui.zip doc_root manifest.json *.js`
85 error Exit status 1
86 error Failed at the MSDBW-UI@0.0.0 prepublish script 'zip -r target/msdbw-microserviceui.zip doc_root manifest.json *.js'.
86 error Make sure you have the latest version of node.js and npm installed.
86 error If you do, this is most likely a problem with the MSDBW-UI package,
86 error not with npm itself.
86 error Tell the author that this fails on your system:
86 error     zip -r target/msdbw-microserviceui.zip doc_root manifest.json *.js
86 error You can get information on how to open an issue for this project with:
86 error     npm bugs MSDBW-UI
86 error Or if that isn't available, you can get their info via:
86 error     npm owner ls MSDBW-UI
86 error There is likely additional logging output above.
87 verbose exit [ 1, true ]
